2025-04-15 15:56:19,276 - INFO - Starting FastAPI application...
2025-04-15 17:03:36,382 - INFO - Starting FastAPI application...
2025-04-15 17:04:01,443 - ERROR - Signup failed
Traceback (most recent call last):
  File "/home/rgukt123/programs/python aiml/linguabot-backend/auth/routes.py", line 11, in signup
    return await signup_user(user)
  File "/home/rgukt123/programs/python aiml/linguabot-backend/auth/services.py", line 17, in signup_user
    "username": user.username
  File "/home/rgukt123/.local/lib/python3.10/site-packages/pydantic/main.py", line 856, in __getattr__
    raise AttributeError(f'{type(self).__name__!r} object has no attribute {item!r}')
AttributeError: 'UserSignin' object has no attribute 'username'
2025-04-15 17:04:55,642 - INFO - Starting FastAPI application...
2025-04-15 17:05:59,377 - INFO - Starting FastAPI application...
2025-04-15 17:07:00,763 - INFO - Starting FastAPI application...
2025-04-15 17:07:39,199 - INFO - Starting FastAPI application...
2025-04-15 17:08:12,734 - INFO - Starting FastAPI application...
2025-04-15 17:54:44,137 - INFO - Starting FastAPI application...
2025-04-15 17:56:56,349 - INFO - Starting FastAPI application...
2025-04-15 17:58:20,010 - INFO - Starting FastAPI application...
2025-04-15 17:58:39,891 - INFO - Starting FastAPI application...
2025-04-15 17:59:51,610 - INFO - Starting FastAPI application...
2025-04-15 18:00:04,473 - INFO - Starting FastAPI application...
2025-04-15 18:00:40,320 - INFO - Starting FastAPI application...
2025-04-15 18:01:34,578 - INFO - Starting FastAPI application...
2025-04-15 18:01:35,985 - INFO - Starting FastAPI application...
2025-04-15 18:02:04,067 - INFO - Starting FastAPI application...
2025-04-15 18:03:09,443 - INFO - Starting FastAPI application...
2025-04-15 18:03:15,817 - INFO - Starting FastAPI application...
2025-04-15 18:03:36,512 - INFO - Starting FastAPI application...
2025-04-15 18:08:34,128 - INFO - Starting FastAPI application...
2025-04-15 18:10:51,403 - INFO - Starting FastAPI application...
2025-04-15 18:12:55,636 - INFO - Starting FastAPI application...
2025-04-15 18:13:44,368 - INFO - Starting FastAPI application...
2025-04-15 18:21:40,735 - INFO - Starting FastAPI application...
2025-04-15 18:32:22,291 - INFO - Starting FastAPI application...
2025-04-15 18:32:30,328 - INFO - Starting FastAPI application...
